2021/06/13 13:46:10 [emerg] 1#1: getpwnam("www-data") failed in /etc/nginx/nginx.conf:2
2021/06/13 13:50:33 [emerg] 1#1: getpwnam("www-data") failed in /etc/nginx/nginx.conf:2
2021/06/13 13:51:26 [notice] 1#1: using the "epoll" event method
2021/06/13 13:51:26 [notice] 1#1: nginx/1.21.0
2021/06/13 13:51:26 [notice] 1#1: built by gcc 10.2.1 20201203 (Alpine 10.2.1_pre1) 
2021/06/13 13:51:26 [notice] 1#1: OS: Linux 5.10.25-linuxkit
2021/06/13 13:51:26 [notice] 1#1: getrlimit(RLIMIT_NOFILE): 1048576:1048576
2021/06/13 13:51:26 [notice] 1#1: start worker processes
2021/06/13 13:51:26 [notice] 1#1: start worker process 32
2021/06/13 13:51:26 [notice] 1#1: start worker process 33
2021/06/13 13:51:26 [notice] 1#1: start worker process 34
2021/06/13 13:51:26 [notice] 1#1: start worker process 35
2021/06/13 13:51:42 [error] 32#32: *1 connect() failed (111: Connection refused) while connecting to upstream, client: 172.28.0.1, server: blog.test, request: "GET / HTTP/1.1", upstream: "fastcgi://172.28.0.4:9000", host: "blog.test"
2021/06/13 13:53:26 [error] 32#32: *5 connect() failed (111: Connection refused) while connecting to upstream, client: 172.28.0.1, server: blog.test, request: "GET / HTTP/1.1", upstream: "fastcgi://172.28.0.4:9000", host: "blog.test"
2021/06/13 13:53:27 [error] 32#32: *5 connect() failed (111: Connection refused) while connecting to upstream, client: 172.28.0.1, server: blog.test, request: "GET / HTTP/1.1", upstream: "fastcgi://172.28.0.4:9000", host: "blog.test"
2021/06/13 13:54:48 [error] 32#32: *8 connect() failed (111: Connection refused) while connecting to upstream, client: 172.28.0.1, server: blog.test, request: "GET / HTTP/1.1", upstream: "fastcgi://172.28.0.4:9000", host: "blog.test"
2021/06/13 13:54:49 [error] 32#32: *8 connect() failed (111: Connection refused) while connecting to upstream, client: 172.28.0.1, server: blog.test, request: "GET / HTTP/1.1", upstream: "fastcgi://172.28.0.4:9000", host: "blog.test"
2021/06/13 13:54:50 [error] 32#32: *8 connect() failed (111: Connection refused) while connecting to upstream, client: 172.28.0.1, server: blog.test, request: "GET / HTTP/1.1", upstream: "fastcgi://172.28.0.4:9000", host: "blog.test"
2021/06/13 13:54:50 [error] 32#32: *8 connect() failed (111: Connection refused) while connecting to upstream, client: 172.28.0.1, server: blog.test, request: "GET / HTTP/1.1", upstream: "fastcgi://172.28.0.4:9000", host: "blog.test"
2021/06/13 13:54:50 [error] 32#32: *8 connect() failed (111: Connection refused) while connecting to upstream, client: 172.28.0.1, server: blog.test, request: "GET / HTTP/1.1", upstream: "fastcgi://172.28.0.4:9000", host: "blog.test"
2021/06/13 13:54:51 [error] 32#32: *8 connect() failed (111: Connection refused) while connecting to upstream, client: 172.28.0.1, server: blog.test, request: "GET / HTTP/1.1", upstream: "fastcgi://172.28.0.4:9000", host: "blog.test"
2021/06/13 13:54:51 [error] 32#32: *8 connect() failed (111: Connection refused) while connecting to upstream, client: 172.28.0.1, server: blog.test, request: "GET / HTTP/1.1", upstream: "fastcgi://172.28.0.4:9000", host: "blog.test"
2021/06/13 13:58:37 [error] 32#32: *17 connect() failed (111: Connection refused) while connecting to upstream, client: 172.28.0.1, server: blog.test, request: "GET / HTTP/1.1", upstream: "fastcgi://172.28.0.4:9000", host: "blog.test"
2021/06/13 13:58:38 [error] 32#32: *17 connect() failed (111: Connection refused) while connecting to upstream, client: 172.28.0.1, server: blog.test, request: "GET / HTTP/1.1", upstream: "fastcgi://172.28.0.4:9000", host: "blog.test"
2021/06/13 13:58:39 [error] 32#32: *17 connect() failed (111: Connection refused) while connecting to upstream, client: 172.28.0.1, server: blog.test, request: "GET / HTTP/1.1", upstream: "fastcgi://172.28.0.4:9000", host: "blog.test"
2021/06/13 13:58:39 [error] 32#32: *17 connect() failed (111: Connection refused) while connecting to upstream, client: 172.28.0.1, server: blog.test, request: "GET / HTTP/1.1", upstream: "fastcgi://172.28.0.4:9000", host: "blog.test"
2021/06/13 13:58:39 [error] 32#32: *17 connect() failed (111: Connection refused) while connecting to upstream, client: 172.28.0.1, server: blog.test, request: "GET / HTTP/1.1", upstream: "fastcgi://172.28.0.4:9000", host: "blog.test"
2021/06/13 14:17:39 [warn] 32#32: *27 an upstream response is buffered to a temporary file /var/cache/nginx/fastcgi_temp/1/00/0000000001 while reading upstream, client: 172.28.0.1, server: blog.test, request: "GET /test HTTP/1.1", upstream: "fastcgi://172.28.0.4:9000", host: "blog.test"
2021/06/13 14:28:25 [notice] 32#32: signal 15 (SIGTERM) received, exiting
2021/06/13 14:38:21 [notice] 1#1: using the "epoll" event method
2021/06/13 14:38:21 [notice] 1#1: nginx/1.21.0
2021/06/13 14:38:21 [notice] 1#1: built by gcc 10.2.1 20201203 (Alpine 10.2.1_pre1) 
2021/06/13 14:38:21 [notice] 1#1: OS: Linux 5.10.25-linuxkit
2021/06/13 14:38:21 [notice] 1#1: getrlimit(RLIMIT_NOFILE): 1048576:1048576
2021/06/13 14:38:21 [notice] 1#1: start worker processes
2021/06/13 14:38:21 [notice] 1#1: start worker process 31
2021/06/13 14:38:21 [notice] 1#1: start worker process 32
2021/06/13 14:38:21 [notice] 1#1: start worker process 33
2021/06/13 14:38:21 [notice] 1#1: start worker process 34
2021/06/14 09:55:03 [notice] 1#1: signal 3 (SIGQUIT) received, shutting down
2021/06/14 09:55:03 [notice] 34#34: gracefully shutting down
2021/06/14 09:55:03 [notice] 34#34: exiting
2021/06/14 09:55:03 [notice] 33#33: gracefully shutting down
2021/06/14 09:55:03 [notice] 33#33: exiting
2021/06/14 09:55:03 [notice] 32#32: gracefully shutting down
2021/06/14 09:55:03 [notice] 32#32: exiting
2021/06/14 09:55:03 [notice] 31#31: gracefully shutting down
2021/06/14 09:55:03 [notice] 34#34: exit
2021/06/14 09:55:03 [notice] 33#33: exit
2021/06/14 09:55:03 [notice] 32#32: exit
2021/06/14 09:55:03 [notice] 31#31: exiting
2021/06/14 09:55:03 [notice] 31#31: exit
2021/06/14 09:55:03 [notice] 1#1: signal 17 (SIGCHLD) received from 34
2021/06/14 09:55:03 [notice] 1#1: worker process 34 exited with code 0
2021/06/14 09:55:03 [notice] 1#1: signal 29 (SIGIO) received
2021/06/14 09:55:03 [notice] 1#1: signal 17 (SIGCHLD) received from 32
2021/06/14 09:55:03 [notice] 1#1: worker process 32 exited with code 0
2021/06/14 09:55:03 [notice] 1#1: signal 29 (SIGIO) received
2021/06/14 09:55:03 [notice] 1#1: signal 17 (SIGCHLD) received from 33
2021/06/14 09:55:03 [notice] 1#1: worker process 33 exited with code 0
2021/06/14 09:55:03 [notice] 1#1: worker process 31 exited with code 0
2021/06/14 09:55:03 [notice] 1#1: exit
2021/06/14 09:55:15 [notice] 1#1: using the "epoll" event method
2021/06/14 09:55:15 [notice] 1#1: nginx/1.21.0
2021/06/14 09:55:15 [notice] 1#1: built by gcc 10.2.1 20201203 (Alpine 10.2.1_pre1) 
2021/06/14 09:55:15 [notice] 1#1: OS: Linux 5.10.25-linuxkit
2021/06/14 09:55:15 [notice] 1#1: getrlimit(RLIMIT_NOFILE): 1048576:1048576
2021/06/14 09:55:15 [notice] 1#1: start worker processes
2021/06/14 09:55:15 [notice] 1#1: start worker process 32
2021/06/14 09:55:15 [notice] 1#1: start worker process 33
2021/06/14 09:55:15 [notice] 1#1: start worker process 34
2021/06/14 09:55:15 [notice] 1#1: start worker process 35
2021/06/18 15:12:37 [notice] 1#1: using the "epoll" event method
2021/06/18 15:12:37 [notice] 1#1: nginx/1.21.0
2021/06/18 15:12:37 [notice] 1#1: built by gcc 10.2.1 20201203 (Alpine 10.2.1_pre1) 
2021/06/18 15:12:37 [notice] 1#1: OS: Linux 5.10.25-linuxkit
2021/06/18 15:12:37 [notice] 1#1: getrlimit(RLIMIT_NOFILE): 1048576:1048576
2021/06/18 15:12:37 [notice] 1#1: start worker processes
2021/06/18 15:12:37 [notice] 1#1: start worker process 32
2021/06/18 15:12:37 [notice] 1#1: start worker process 33
2021/06/18 15:12:37 [notice] 1#1: start worker process 34
2021/06/18 15:12:37 [notice] 1#1: start worker process 35
2021/06/24 14:41:17 [notice] 1#1: signal 3 (SIGQUIT) received, shutting down
2021/06/24 14:41:17 [notice] 33#33: gracefully shutting down
2021/06/24 14:41:17 [notice] 34#34: gracefully shutting down
2021/06/24 14:41:17 [notice] 32#32: gracefully shutting down
2021/06/24 14:41:17 [notice] 35#35: gracefully shutting down
2021/06/24 14:41:17 [notice] 35#35: exiting
2021/06/24 14:41:17 [notice] 33#33: exiting
2021/06/24 14:41:17 [notice] 33#33: exit
2021/06/24 14:41:17 [notice] 34#34: exiting
2021/06/24 14:41:17 [notice] 32#32: exiting
2021/06/24 14:41:17 [notice] 35#35: exit
2021/06/24 14:41:17 [notice] 34#34: exit
2021/06/24 14:41:17 [notice] 32#32: exit
2021/06/24 14:41:17 [notice] 1#1: signal 17 (SIGCHLD) received from 33
2021/06/24 14:41:17 [notice] 1#1: worker process 33 exited with code 0
2021/06/24 14:41:17 [notice] 1#1: signal 29 (SIGIO) received
2021/06/24 14:41:17 [notice] 1#1: signal 17 (SIGCHLD) received from 35
2021/06/24 14:41:17 [notice] 1#1: worker process 35 exited with code 0
2021/06/24 14:41:17 [notice] 1#1: signal 29 (SIGIO) received
2021/06/24 14:41:17 [notice] 1#1: signal 17 (SIGCHLD) received from 34
2021/06/24 14:41:17 [notice] 1#1: worker process 34 exited with code 0
2021/06/24 14:41:17 [notice] 1#1: signal 17 (SIGCHLD) received from 32
2021/06/24 14:41:17 [notice] 1#1: worker process 32 exited with code 0
2021/06/24 14:41:17 [notice] 1#1: exit
2021/06/24 14:42:48 [notice] 1#1: using the "epoll" event method
2021/06/24 14:42:48 [notice] 1#1: nginx/1.21.0
2021/06/24 14:42:48 [notice] 1#1: built by gcc 10.2.1 20201203 (Alpine 10.2.1_pre1) 
2021/06/24 14:42:48 [notice] 1#1: OS: Linux 5.10.25-linuxkit
2021/06/24 14:42:48 [notice] 1#1: getrlimit(RLIMIT_NOFILE): 1048576:1048576
2021/06/24 14:42:48 [notice] 1#1: start worker processes
2021/06/24 14:42:48 [notice] 1#1: start worker process 31
2021/06/24 14:42:48 [notice] 1#1: start worker process 32
2021/06/24 14:42:48 [notice] 1#1: start worker process 33
2021/06/24 14:42:48 [notice] 1#1: start worker process 34
2021/07/04 01:43:05 [notice] 1#1: using the "epoll" event method
2021/07/04 01:43:05 [notice] 1#1: nginx/1.21.0
2021/07/04 01:43:05 [notice] 1#1: built by gcc 10.2.1 20201203 (Alpine 10.2.1_pre1) 
2021/07/04 01:43:05 [notice] 1#1: OS: Linux 5.10.25-linuxkit
2021/07/04 01:43:05 [notice] 1#1: getrlimit(RLIMIT_NOFILE): 1048576:1048576
2021/07/04 01:43:05 [notice] 1#1: start worker processes
2021/07/04 01:43:05 [notice] 1#1: start worker process 32
2021/07/04 01:43:05 [notice] 1#1: start worker process 33
2021/07/04 01:43:05 [notice] 1#1: start worker process 34
2021/07/04 01:43:05 [notice] 1#1: start worker process 35
2021/07/04 01:59:58 [notice] 1#1: using the "epoll" event method
2021/07/04 01:59:58 [notice] 1#1: nginx/1.21.0
2021/07/04 01:59:58 [notice] 1#1: built by gcc 10.2.1 20201203 (Alpine 10.2.1_pre1) 
2021/07/04 01:59:58 [notice] 1#1: OS: Linux 5.10.25-linuxkit
2021/07/04 01:59:58 [notice] 1#1: getrlimit(RLIMIT_NOFILE): 1048576:1048576
2021/07/04 01:59:58 [notice] 1#1: start worker processes
2021/07/04 01:59:58 [notice] 1#1: start worker process 33
2021/07/04 01:59:58 [notice] 1#1: start worker process 34
2021/07/04 01:59:58 [notice] 1#1: start worker process 35
2021/07/04 01:59:58 [notice] 1#1: start worker process 36
2021/07/04 02:18:32 [notice] 1#1: using the "epoll" event method
2021/07/04 02:18:32 [notice] 1#1: nginx/1.21.0
2021/07/04 02:18:32 [notice] 1#1: built by gcc 10.2.1 20201203 (Alpine 10.2.1_pre1) 
2021/07/04 02:18:32 [notice] 1#1: OS: Linux 5.10.25-linuxkit
2021/07/04 02:18:32 [notice] 1#1: getrlimit(RLIMIT_NOFILE): 1048576:1048576
2021/07/04 02:18:32 [notice] 1#1: start worker processes
2021/07/04 02:18:32 [notice] 1#1: start worker process 32
2021/07/04 02:18:32 [notice] 1#1: start worker process 33
2021/07/04 02:18:32 [notice] 1#1: start worker process 34
2021/07/04 02:18:32 [notice] 1#1: start worker process 35
2021/07/04 02:20:19 [notice] 1#1: using the "epoll" event method
2021/07/04 02:20:19 [notice] 1#1: nginx/1.21.0
2021/07/04 02:20:19 [notice] 1#1: built by gcc 10.2.1 20201203 (Alpine 10.2.1_pre1) 
2021/07/04 02:20:19 [notice] 1#1: OS: Linux 5.10.25-linuxkit
2021/07/04 02:20:19 [notice] 1#1: getrlimit(RLIMIT_NOFILE): 1048576:1048576
2021/07/04 02:20:19 [notice] 1#1: start worker processes
2021/07/04 02:20:19 [notice] 1#1: start worker process 31
2021/07/04 02:20:19 [notice] 1#1: start worker process 32
2021/07/04 02:20:19 [notice] 1#1: start worker process 33
2021/07/04 02:20:19 [notice] 1#1: start worker process 34
2021/07/04 04:44:55 [notice] 1#1: using the "epoll" event method
2021/07/04 04:44:55 [notice] 1#1: nginx/1.21.0
2021/07/04 04:44:55 [notice] 1#1: built by gcc 10.2.1 20201203 (Alpine 10.2.1_pre1) 
2021/07/04 04:44:55 [notice] 1#1: OS: Linux 5.10.25-linuxkit
2021/07/04 04:44:55 [notice] 1#1: getrlimit(RLIMIT_NOFILE): 1048576:1048576
2021/07/04 04:44:55 [notice] 1#1: start worker processes
2021/07/04 04:44:55 [notice] 1#1: start worker process 32
2021/07/04 04:44:55 [notice] 1#1: start worker process 33
2021/07/04 04:44:55 [notice] 1#1: start worker process 34
2021/07/04 04:44:55 [notice] 1#1: start worker process 35
2021/07/04 04:50:03 [notice] 1#1: using the "epoll" event method
2021/07/04 04:50:03 [notice] 1#1: nginx/1.21.0
2021/07/04 04:50:03 [notice] 1#1: built by gcc 10.2.1 20201203 (Alpine 10.2.1_pre1) 
2021/07/04 04:50:03 [notice] 1#1: OS: Linux 5.10.25-linuxkit
2021/07/04 04:50:03 [notice] 1#1: getrlimit(RLIMIT_NOFILE): 1048576:1048576
2021/07/04 04:50:03 [notice] 1#1: start worker processes
2021/07/04 04:50:03 [notice] 1#1: start worker process 32
2021/07/04 04:50:03 [notice] 1#1: start worker process 33
2021/07/04 04:50:03 [notice] 1#1: start worker process 34
2021/07/04 04:50:03 [notice] 1#1: start worker process 35
2021/07/04 05:01:34 [notice] 1#1: using the "epoll" event method
2021/07/04 05:01:34 [notice] 1#1: nginx/1.21.0
2021/07/04 05:01:34 [notice] 1#1: built by gcc 10.2.1 20201203 (Alpine 10.2.1_pre1) 
2021/07/04 05:01:34 [notice] 1#1: OS: Linux 5.10.25-linuxkit
2021/07/04 05:01:34 [notice] 1#1: getrlimit(RLIMIT_NOFILE): 1048576:1048576
2021/07/04 05:01:34 [notice] 1#1: start worker processes
2021/07/04 05:01:34 [notice] 1#1: start worker process 32
2021/07/04 05:01:34 [notice] 1#1: start worker process 33
2021/07/04 05:01:34 [notice] 1#1: start worker process 34
2021/07/04 05:01:34 [notice] 1#1: start worker process 35
2021/07/09 13:44:41 [notice] 1#1: using the "epoll" event method
2021/07/09 13:44:41 [notice] 1#1: nginx/1.21.0
2021/07/09 13:44:41 [notice] 1#1: built by gcc 10.2.1 20201203 (Alpine 10.2.1_pre1) 
2021/07/09 13:44:41 [notice] 1#1: OS: Linux 5.10.25-linuxkit
2021/07/09 13:44:41 [notice] 1#1: getrlimit(RLIMIT_NOFILE): 1048576:1048576
2021/07/09 13:44:41 [notice] 1#1: start worker processes
2021/07/09 13:44:41 [notice] 1#1: start worker process 31
2021/07/09 13:44:41 [notice] 1#1: start worker process 32
2021/07/09 13:44:41 [notice] 1#1: start worker process 33
2021/07/09 13:44:41 [notice] 1#1: start worker process 34
2021/07/09 13:45:38 [notice] 1#1: using the "epoll" event method
2021/07/09 13:45:38 [notice] 1#1: nginx/1.21.0
2021/07/09 13:45:38 [notice] 1#1: built by gcc 10.2.1 20201203 (Alpine 10.2.1_pre1) 
2021/07/09 13:45:38 [notice] 1#1: OS: Linux 5.10.25-linuxkit
2021/07/09 13:45:38 [notice] 1#1: getrlimit(RLIMIT_NOFILE): 1048576:1048576
2021/07/09 13:45:38 [notice] 1#1: start worker processes
2021/07/09 13:45:38 [notice] 1#1: start worker process 32
2021/07/09 13:45:38 [notice] 1#1: start worker process 33
2021/07/09 13:45:38 [notice] 1#1: start worker process 34
2021/07/09 13:45:38 [notice] 1#1: start worker process 35
2021/05/17 13:52:44 [notice] 32#32: signal 15 (SIGTERM) received, exiting
2021/05/17 13:53:56 [notice] 1#1: using the "epoll" event method
2021/05/17 13:53:56 [notice] 1#1: nginx/1.21.0
2021/05/17 13:53:56 [notice] 1#1: built by gcc 10.2.1 20201203 (Alpine 10.2.1_pre1) 
2021/05/17 13:53:56 [notice] 1#1: OS: Linux 5.10.25-linuxkit
2021/05/17 13:53:56 [notice] 1#1: getrlimit(RLIMIT_NOFILE): 1048576:1048576
2021/05/17 13:53:56 [notice] 1#1: start worker processes
2021/05/17 13:53:56 [notice] 1#1: start worker process 33
2021/05/17 13:53:56 [notice] 1#1: start worker process 34
2021/05/17 13:53:56 [notice] 1#1: start worker process 35
2021/05/17 13:53:56 [notice] 1#1: start worker process 36
2021/07/19 12:39:11 [notice] 1#1: using the "epoll" event method
2021/07/19 12:39:11 [notice] 1#1: nginx/1.21.0
2021/07/19 12:39:11 [notice] 1#1: built by gcc 10.2.1 20201203 (Alpine 10.2.1_pre1) 
2021/07/19 12:39:11 [notice] 1#1: OS: Linux 5.10.25-linuxkit
2021/07/19 12:39:11 [notice] 1#1: getrlimit(RLIMIT_NOFILE): 1048576:1048576
2021/07/19 12:39:11 [notice] 1#1: start worker processes
2021/07/19 12:39:11 [notice] 1#1: start worker process 32
2021/07/19 12:39:11 [notice] 1#1: start worker process 33
2021/07/19 12:39:11 [notice] 1#1: start worker process 34
2021/07/19 12:39:11 [notice] 1#1: start worker process 35
